# JRE version: Java(TM) SE Runtime Environment 18.9 (11.0.12+8) (build 11.0.12+8-LTS-237)
# Java VM: Java HotSpot(TM) 64-Bit Server VM 18.9 (11.0.12+8-LTS-237, mixed mode, tiered, compressed oops, g1 gc, windows-amd64)
Heap:
 garbage-first heap   total 479232K, used 179200K [0x0000000080000000, 0x0000000100000000)
  region size 1024K, 5 young (5120K), 5 survivors (5120K)
 Metaspace       used 101304K, capacity 103870K, committed 103884K, reserved 1138688K
  class space    used 12870K, capacity 13771K, committed 13772K, reserved 1048576K
GC Heap History (10 events):
Event: 19.257 GC heap after
{Heap after GC invocations=47 (full 0):
 garbage-first heap   total 238592K, used 98060K [0x0000000080000000, 0x0000000100000000)
  region size 1024K, 1 young (1024K), 1 survivors (1024K)
 Metaspace       used 93960K, capacity 96303K, committed 96716K, reserved 1132544K
  class space    used 11735K, capacity 12576K, committed 12748K, reserved 1048576K
}
Event: 19.946 GC heap before
{Heap before GC invocations=47 (full 0):
 garbage-first heap   total 238592K, used 182028K [0x0000000080000000, 0x0000000100000000)
  region size 1024K, 84 young (86016K), 1 survivors (1024K)
 Metaspace       used 94436K, capacity 96795K, committed 96972K, reserved 1134592K
  class space    used 11794K, capacity 12630K, committed 12748K, reserved 1048576K
}
Event: 19.956 GC heap after
{Heap after GC invocations=48 (full 0):
 garbage-first heap   total 238592K, used 102641K [0x0000000080000000, 0x0000000100000000)
  region size 1024K, 6 young (6144K), 6 survivors (6144K)
 Metaspace       used 94436K, capacity 96795K, committed 96972K, reserved 1134592K
  class space    used 11794K, capacity 12630K, committed 12748K, reserved 1048576K
}
Event: 20.496 GC heap before
{Heap before GC invocations=48 (full 0):
 garbage-first heap   total 238592K, used 187633K [0x0000000080000000, 0x0000000100000000)
  region size 1024K, 88 young (90112K), 6 survivors (6144K)
 Metaspace       used 95438K, capacity 97918K, committed 97996K, reserved 1134592K
  class space    used 11895K, capacity 12748K, committed 12748K, reserved 1048576K
}
Event: 20.501 GC heap after
{Heap after GC invocations=49 (full 0):
 garbage-first heap   total 238592K, used 103406K [0x0000000080000000, 0x0000000100000000)
  region size 1024K, 7 young (7168K), 7 survivors (7168K)
 Metaspace       used 95438K, capacity 97918K, committed 97996K, reserved 1134592K
  class space    used 11895K, capacity 12748K, committed 12748K, reserved 1048576K
}
Event: 21.122 GC heap before
{Heap before GC invocations=49 (full 0):
 garbage-first heap   total 238592K, used 205806K [0x0000000080000000, 0x0000000100000000)
  region size 1024K, 91 young (93184K), 7 survivors (7168K)
 Metaspace       used 98950K, capacity 101443K, committed 101708K, reserved 1138688K
  class space    used 12382K, capacity 13256K, committed 13388K, reserved 1048576K
}
Event: 21.144 GC heap after
{Heap after GC invocations=50 (full 0):
 garbage-first heap   total 239616K, used 141126K [0x0000000080000000, 0x0000000100000000)
  region size 1024K, 12 young (12288K), 12 survivors (12288K)
 Metaspace       used 98950K, capacity 101443K, committed 101708K, reserved 1138688K
  class space    used 12382K, capacity 13256K, committed 13388K, reserved 1048576K
}
Event: 21.442 GC heap before
{Heap before GC invocations=50 (full 0):
 garbage-first heap   total 239616K, used 188230K [0x0000000080000000, 0x0000000100000000)
  region size 1024K, 59 young (60416K), 12 survivors (12288K)
 Metaspace       used 101285K, capacity 103803K, committed 103884K, reserved 1138688K
  class space    used 12869K, capacity 13771K, committed 13772K, reserved 1048576K
}
Event: 21.475 GC heap after
{Heap after GC invocations=51 (full 0):
 garbage-first heap   total 239616K, used 163240K [0x0000000080000000, 0x0000000100000000)
  region size 1024K, 8 young (8192K), 8 survivors (8192K)
 Metaspace       used 101285K, capacity 103803K, committed 103884K, reserved 1138688K
  class space    used 12869K, capacity 13771K, committed 13772K, reserved 1048576K
}
Event: 21.658 GC heap before
{Heap before GC invocations=51 (full 0):
 garbage-first heap   total 239616K, used 191912K [0x0000000080000000, 0x0000000100000000)
  region size 1024K, 36 young (36864K), 8 survivors (8192K)
 Metaspace       used 101304K, capacity 103870K, committed 103884K, reserved 1138688K
  class space    used 12870K, capacity 13771K, committed 13772K, reserved 1048576K
}

