# JRE version: Java(TM) SE Runtime Environment 18.9 (11.0.12+8) (build 11.0.12+8-LTS-237)
# Java VM: Java HotSpot(TM) 64-Bit Server VM 18.9 (11.0.12+8-LTS-237, mixed mode, tiered, compressed oops, g1 gc, windows-amd64)
Heap:
 garbage-first heap   total 225280K, used 125630K [0x0000000080000000, 0x0000000100000000)
  region size 1024K, 42 young (43008K), 10 survivors (10240K)
 Metaspace       used 93020K, capacity 95362K, committed 95488K, reserved 1132544K
  class space    used 11619K, capacity 12428K, committed 12544K, reserved 1048576K
GC Heap History (10 events):
Event: 14.615 GC heap before
{Heap before GC invocations=32 (full 0):
 garbage-first heap   total 187392K, used 132091K [0x0000000080000000, 0x0000000100000000)
  region size 1024K, 45 young (46080K), 4 survivors (4096K)
 Metaspace       used 88038K, capacity 90274K, committed 90624K, reserved 1128448K
  class space    used 11076K, capacity 11846K, committed 12032K, reserved 1048576K
}
Event: 14.619 GC heap after
{Heap after GC invocations=33 (full 0):
 garbage-first heap   total 187392K, used 90968K [0x0000000080000000, 0x0000000100000000)
  region size 1024K, 1 young (1024K), 1 survivors (1024K)
 Metaspace       used 88038K, capacity 90274K, committed 90624K, reserved 1128448K
  class space    used 11076K, capacity 11846K, committed 12032K, reserved 1048576K
}
Event: 14.656 GC heap before
{Heap before GC invocations=33 (full 0):
 garbage-first heap   total 187392K, used 116568K [0x0000000080000000, 0x0000000100000000)
  region size 1024K, 9 young (9216K), 1 survivors (1024K)
 Metaspace       used 88056K, capacity 90274K, committed 90624K, reserved 1128448K
  class space    used 11077K, capacity 11846K, committed 12032K, reserved 1048576K
}
Event: 14.658 GC heap after
{Heap after GC invocations=34 (full 0):
 garbage-first heap   total 187392K, used 103832K [0x0000000080000000, 0x0000000100000000)
  region size 1024K, 1 young (1024K), 1 survivors (1024K)
 Metaspace       used 88056K, capacity 90274K, committed 90624K, reserved 1128448K
  class space    used 11077K, capacity 11846K, committed 12032K, reserved 1048576K
}
Event: 14.676 GC heap before
{Heap before GC invocations=34 (full 0):
 garbage-first heap   total 187392K, used 105880K [0x0000000080000000, 0x0000000100000000)
  region size 1024K, 5 young (5120K), 1 survivors (1024K)
 Metaspace       used 88101K, capacity 90338K, committed 90880K, reserved 1128448K
  class space    used 11077K, capacity 11846K, committed 12032K, reserved 1048576K
}
Event: 14.679 GC heap after
{Heap after GC invocations=35 (full 0):
 garbage-first heap   total 225280K, used 103817K [0x0000000080000000, 0x0000000100000000)
  region size 1024K, 1 young (1024K), 1 survivors (1024K)
 Metaspace       used 88101K, capacity 90338K, committed 90880K, reserved 1128448K
  class space    used 11077K, capacity 11846K, committed 12032K, reserved 1048576K
}
Event: 15.368 GC heap before
{Heap before GC invocations=36 (full 0):
 garbage-first heap   total 225280K, used 201097K [0x0000000080000000, 0x0000000100000000)
  region size 1024K, 68 young (69632K), 1 survivors (1024K)
 Metaspace       used 90228K, capacity 92465K, committed 92928K, reserved 1130496K
  class space    used 11335K, capacity 12084K, committed 12288K, reserved 1048576K
}
Event: 15.374 GC heap after
{Heap after GC invocations=37 (full 0):
 garbage-first heap   total 225280K, used 86976K [0x0000000080000000, 0x0000000100000000)
  region size 1024K, 2 young (2048K), 2 survivors (2048K)
 Metaspace       used 90228K, capacity 92465K, committed 92928K, reserved 1130496K
  class space    used 11335K, capacity 12084K, committed 12288K, reserved 1048576K
}
Event: 16.285 GC heap before
{Heap before GC invocations=37 (full 0):
 garbage-first heap   total 225280K, used 166848K [0x0000000080000000, 0x0000000100000000)
  region size 1024K, 81 young (82944K), 2 survivors (2048K)
 Metaspace       used 92654K, capacity 94958K, committed 95232K, reserved 1132544K
  class space    used 11585K, capacity 12386K, committed 12544K, reserved 1048576K
}
Event: 16.303 GC heap after
{Heap after GC invocations=38 (full 0):
 garbage-first heap   total 225280K, used 94910K [0x0000000080000000, 0x0000000100000000)
  region size 1024K, 10 young (10240K), 10 survivors (10240K)
 Metaspace       used 92654K, capacity 94958K, committed 95232K, reserved 1132544K
  class space    used 11585K, capacity 12386K, committed 12544K, reserved 1048576K
}

